<?xml version="1.0" encoding="UTF-8"?>
<!-- Generated by org.testng.reporters.JUnitReportReporter -->
<testsuite skipped="0" hostname="DESKTOP-O75K0Q2" name="com.mycompany.app.Calling$toGettingData" tests="1" failures="0" timestamp="10 Dec 2018 10:56:16 GMT" time="0.694" errors="0">
  <testcase name="toReadDataFile" time="0.694" classname="com.mycompany.app.Calling$toGettingData"/>
</testsuite> <!-- com.mycompany.app.Calling$toGettingData -->
