<?xml version="1.0" encoding="UTF-8"?>
<!-- Generated by org.testng.reporters.JUnitReportReporter -->
<testsuite skipped="0" hostname="DESKTOP-O75K0Q2" name="com.mycompany.app.FirstTestMaven" tests="1" failures="0" timestamp="10 Dec 2018 10:07:09 GMT" time="0.053" errors="0">
  <testcase name="sample1" time="0.053" classname="com.mycompany.app.FirstTestMaven"/>
</testsuite> <!-- com.mycompany.app.FirstTestMaven -->
